# JRE version: OpenJDK Runtime Environment Temurin-21.0.5+11 (21.0.5+11) (build 21.0.5+11-LTS)
# Java VM: OpenJDK 64-Bit Server VM Temurin-21.0.5+11 (21.0.5+11-LTS, mixed mode, sharing, tiered, compressed oops, compressed class ptrs, parallel gc, linux-amd64)
GC Precious Log:
 CardTable entry size: 512
 CPUs: 12 total, 12 available
 Memory: 31911M
 Large Page Support: Disabled
 NUMA Support: Disabled
 Compressed Oops: Enabled (32-bit)
 Alignments: Space 512K, Generation 512K, Heap 2M
 Heap Min Capacity: 100M
 Heap Initial Capacity: 100M
 Heap Max Capacity: 1G
 Pre-touch: Disabled
 Parallel Workers: 10
Heap:
 PSYoungGen      total 7168K, used 7167K [0x00000000eab00000, 0x00000000eb600000, 0x0000000100000000)
  eden space 6144K, 99% used [0x00000000eab00000,0x00000000eb0fffe0,0x00000000eb100000)
  from space 1024K, 100% used [0x00000000eb300000,0x00000000eb400000,0x00000000eb400000)
  to   space 2048K, 29% used [0x00000000eb100000,0x00000000eb196900,0x00000000eb300000)
 ParOldGen       total 650240K, used 650218K [0x00000000c0000000, 0x00000000e7b00000, 0x00000000eab00000)
  object space 650240K, 99% used [0x00000000c0000000,0x00000000e7afa990,0x00000000e7b00000)
 Metaspace       used 87719K, committed 89536K, reserved 1179648K
  class space    used 8807K, committed 9600K, reserved 1048576K
GC Heap History (20 events):
Event: 142,193 GC heap after
{Heap after GC invocations=1810 (full 6):
 PSYoungGen      total 3072K, used 474K [0x00000000eab00000, 0x00000000eb100000, 0x0000000100000000)
  eden space 1536K, 0% used [0x00000000eab00000,0x00000000eab00000,0x00000000eac80000)
  from space 1536K, 30% used [0x00000000eae80000,0x00000000eaef6a00,0x00000000eb000000)
  to   space 1024K, 0% used [0x00000000eb000000,0x00000000eb000000,0x00000000eb100000)
 ParOldGen       total 609792K, used 609618K [0x00000000c0000000, 0x00000000e5380000, 0x00000000eab00000)
  object space 609792K, 99% used [0x00000000c0000000,0x00000000e5354960,0x00000000e5380000)
 Metaspace       used 87673K, committed 89536K, reserved 1179648K
  class space    used 8807K, committed 9600K, reserved 1048576K
}
Event: 142,195 GC heap before
{Heap before GC invocations=1811 (full 6):
 PSYoungGen      total 3072K, used 2010K [0x00000000eab00000, 0x00000000eb100000, 0x0000000100000000)
  eden space 1536K, 100% used [0x00000000eab00000,0x00000000eac80000,0x00000000eac80000)
  from space 1536K, 30% used [0x00000000eae80000,0x00000000eaef6a00,0x00000000eb000000)
  to   space 1024K, 0% used [0x00000000eb000000,0x00000000eb000000,0x00000000eb100000)
 ParOldGen       total 609792K, used 609618K [0x00000000c0000000, 0x00000000e5380000, 0x00000000eab00000)
  object space 609792K, 99% used [0x00000000c0000000,0x00000000e5354960,0x00000000e5380000)
 Metaspace       used 87673K, committed 89536K, reserved 1179648K
  class space    used 8807K, committed 9600K, reserved 1048576K
}
Event: 142,196 GC heap after
{Heap after GC invocations=1811 (full 6):
 PSYoungGen      total 3072K, used 776K [0x00000000eab00000, 0x00000000eb100000, 0x0000000100000000)
  eden space 2048K, 0% used [0x00000000eab00000,0x00000000eab00000,0x00000000ead00000)
  from space 1024K, 75% used [0x00000000eb000000,0x00000000eb0c2010,0x00000000eb100000)
  to   space 1024K, 0% used [0x00000000eaf00000,0x00000000eaf00000,0x00000000eb000000)
 ParOldGen       total 610304K, used 609846K [0x00000000c0000000, 0x00000000e5400000, 0x00000000eab00000)
  object space 610304K, 99% used [0x00000000c0000000,0x00000000e538db60,0x00000000e5400000)
 Metaspace       used 87673K, committed 89536K, reserved 1179648K
  class space    used 8807K, committed 9600K, reserved 1048576K
}
Event: 142,198 GC heap before
{Heap before GC invocations=1812 (full 6):
 PSYoungGen      total 3072K, used 2802K [0x00000000eab00000, 0x00000000eb100000, 0x0000000100000000)
  eden space 2048K, 98% used [0x00000000eab00000,0x00000000eacfaa50,0x00000000ead00000)
  from space 1024K, 75% used [0x00000000eb000000,0x00000000eb0c2010,0x00000000eb100000)
  to   space 1024K, 0% used [0x00000000eaf00000,0x00000000eaf00000,0x00000000eb000000)
 ParOldGen       total 610304K, used 609846K [0x00000000c0000000, 0x00000000e5400000, 0x00000000eab00000)
  object space 610304K, 99% used [0x00000000c0000000,0x00000000e538db60,0x00000000e5400000)
 Metaspace       used 87673K, committed 89536K, reserved 1179648K
  class space    used 8807K, committed 9600K, reserved 1048576K
}
Event: 142,200 GC heap after
{Heap after GC invocations=1812 (full 6):
 PSYoungGen      total 3072K, used 416K [0x00000000eab00000, 0x00000000eb080000, 0x0000000100000000)
  eden space 2560K, 0% used [0x00000000eab00000,0x00000000eab00000,0x00000000ead80000)
  from space 512K, 81% used [0x00000000eaf00000,0x00000000eaf68000,0x00000000eaf80000)
  to   space 1024K, 0% used [0x00000000eaf80000,0x00000000eaf80000,0x00000000eb080000)
 ParOldGen       total 610816K, used 610542K [0x00000000c0000000, 0x00000000e5480000, 0x00000000eab00000)
  object space 610816K, 99% used [0x00000000c0000000,0x00000000e543bb70,0x00000000e5480000)
 Metaspace       used 87673K, committed 89536K, reserved 1179648K
  class space    used 8807K, committed 9600K, reserved 1048576K
}
Event: 142,201 GC heap before
{Heap before GC invocations=1813 (full 6):
 PSYoungGen      total 3072K, used 2976K [0x00000000eab00000, 0x00000000eb080000, 0x0000000100000000)
  eden space 2560K, 100% used [0x00000000eab00000,0x00000000ead80000,0x00000000ead80000)
  from space 512K, 81% used [0x00000000eaf00000,0x00000000eaf68000,0x00000000eaf80000)
  to   space 1024K, 0% used [0x00000000eaf80000,0x00000000eaf80000,0x00000000eb080000)
 ParOldGen       total 610816K, used 610542K [0x00000000c0000000, 0x00000000e5480000, 0x00000000eab00000)
  object space 610816K, 99% used [0x00000000c0000000,0x00000000e543bb70,0x00000000e5480000)
 Metaspace       used 87673K, committed 89536K, reserved 1179648K
  class space    used 8807K, committed 9600K, reserved 1048576K
}
Event: 142,203 GC heap after
{Heap after GC invocations=1813 (full 6):
 PSYoungGen      total 4096K, used 899K [0x00000000eab00000, 0x00000000eb080000, 0x0000000100000000)
  eden space 3072K, 0% used [0x00000000eab00000,0x00000000eab00000,0x00000000eae00000)
  from space 1024K, 87% used [0x00000000eaf80000,0x00000000eb060e48,0x00000000eb080000)
  to   space 1024K, 0% used [0x00000000eae80000,0x00000000eae80000,0x00000000eaf80000)
 ParOldGen       total 611328K, used 610870K [0x00000000c0000000, 0x00000000e5500000, 0x00000000eab00000)
  object space 611328K, 99% used [0x00000000c0000000,0x00000000e548db70,0x00000000e5500000)
 Metaspace       used 87673K, committed 89536K, reserved 1179648K
  class space    used 8807K, committed 9600K, reserved 1048576K
}
Event: 142,207 GC heap before
{Heap before GC invocations=1814 (full 6):
 PSYoungGen      total 4096K, used 3971K [0x00000000eab00000, 0x00000000eb080000, 0x0000000100000000)
  eden space 3072K, 100% used [0x00000000eab00000,0x00000000eae00000,0x00000000eae00000)
  from space 1024K, 87% used [0x00000000eaf80000,0x00000000eb060e48,0x00000000eb080000)
  to   space 1024K, 0% used [0x00000000eae80000,0x00000000eae80000,0x00000000eaf80000)
 ParOldGen       total 611328K, used 610870K [0x00000000c0000000, 0x00000000e5500000, 0x00000000eab00000)
  object space 611328K, 99% used [0x00000000c0000000,0x00000000e548db70,0x00000000e5500000)
 Metaspace       used 87673K, committed 89536K, reserved 1179648K
  class space    used 8807K, committed 9600K, reserved 1048576K
}
Event: 142,209 GC heap after
{Heap after GC invocations=1814 (full 6):
 PSYoungGen      total 4608K, used 672K [0x00000000eab00000, 0x00000000eb100000, 0x0000000100000000)
  eden space 3584K, 0% used [0x00000000eab00000,0x00000000eab00000,0x00000000eae80000)
  from space 1024K, 65% used [0x00000000eae80000,0x00000000eaf28020,0x00000000eaf80000)
  to   space 1024K, 0% used [0x00000000eb000000,0x00000000eb000000,0x00000000eb100000)
 ParOldGen       total 612864K, used 612606K [0x00000000c0000000, 0x00000000e5680000, 0x00000000eab00000)
  object space 612864K, 99% used [0x00000000c0000000,0x00000000e563fb70,0x00000000e5680000)
 Metaspace       used 87673K, committed 89536K, reserved 1179648K
  class space    used 8807K, committed 9600K, reserved 1048576K
}
Event: 142,212 GC heap before
{Heap before GC invocations=1815 (full 6):
 PSYoungGen      total 4608K, used 4256K [0x00000000eab00000, 0x00000000eb100000, 0x0000000100000000)
  eden space 3584K, 100% used [0x00000000eab00000,0x00000000eae80000,0x00000000eae80000)
  from space 1024K, 65% used [0x00000000eae80000,0x00000000eaf28020,0x00000000eaf80000)
  to   space 1024K, 0% used [0x00000000eb000000,0x00000000eb000000,0x00000000eb100000)
 ParOldGen       total 612864K, used 612606K [0x00000000c0000000, 0x00000000e5680000, 0x00000000eab00000)
  object space 612864K, 99% used [0x00000000c0000000,0x00000000e563fb70,0x00000000e5680000)
 Metaspace       used 87676K, committed 89536K, reserved 1179648K
  class space    used 8807K, committed 9600K, reserved 1048576K
}
Event: 142,213 GC heap after
{Heap after GC invocations=1815 (full 6):
 PSYoungGen      total 4608K, used 980K [0x00000000eab00000, 0x00000000eb280000, 0x0000000100000000)
  eden space 3584K, 0% used [0x00000000eab00000,0x00000000eab00000,0x00000000eae80000)
  from space 1024K, 95% used [0x00000000eb000000,0x00000000eb0f5268,0x00000000eb100000)
  to   space 1536K, 0% used [0x00000000eae80000,0x00000000eae80000,0x00000000eb000000)
 ParOldGen       total 613888K, used 613858K [0x00000000c0000000, 0x00000000e5780000, 0x00000000eab00000)
  object space 613888K, 99% used [0x00000000c0000000,0x00000000e5778a18,0x00000000e5780000)
 Metaspace       used 87676K, committed 89536K, reserved 1179648K
  class space    used 8807K, committed 9600K, reserved 1048576K
}
Event: 142,215 GC heap before
{Heap before GC invocations=1816 (full 6):
 PSYoungGen      total 4608K, used 4564K [0x00000000eab00000, 0x00000000eb280000, 0x0000000100000000)
  eden space 3584K, 100% used [0x00000000eab00000,0x00000000eae80000,0x00000000eae80000)
  from space 1024K, 95% used [0x00000000eb000000,0x00000000eb0f5268,0x00000000eb100000)
  to   space 1536K, 0% used [0x00000000eae80000,0x00000000eae80000,0x00000000eb000000)
 ParOldGen       total 613888K, used 613858K [0x00000000c0000000, 0x00000000e5780000, 0x00000000eab00000)
  object space 613888K, 99% used [0x00000000c0000000,0x00000000e5778a18,0x00000000e5780000)
 Metaspace       used 87676K, committed 89536K, reserved 1179648K
  class space    used 8807K, committed 9600K, reserved 1048576K
}
Event: 142,216 GC heap after
{Heap after GC invocations=1816 (full 6):
 PSYoungGen      total 5120K, used 1530K [0x00000000eab00000, 0x00000000eb780000, 0x0000000100000000)
  eden space 3584K, 0% used [0x00000000eab00000,0x00000000eab00000,0x00000000eae80000)
  from space 1536K, 99% used [0x00000000eae80000,0x00000000eaffe858,0x00000000eb000000)
  to   space 4096K, 0% used [0x00000000eb380000,0x00000000eb380000,0x00000000eb780000)
 ParOldGen       total 615936K, used 615892K [0x00000000c0000000, 0x00000000e5980000, 0x00000000eab00000)
  object space 615936K, 99% used [0x00000000c0000000,0x00000000e59753f8,0x00000000e5980000)
 Metaspace       used 87676K, committed 89536K, reserved 1179648K
  class space    used 8807K, committed 9600K, reserved 1048576K
}
Event: 142,218 GC heap before
{Heap before GC invocations=1817 (full 6):
 PSYoungGen      total 5120K, used 5114K [0x00000000eab00000, 0x00000000eb780000, 0x0000000100000000)
  eden space 3584K, 100% used [0x00000000eab00000,0x00000000eae80000,0x00000000eae80000)
  from space 1536K, 99% used [0x00000000eae80000,0x00000000eaffe858,0x00000000eb000000)
  to   space 4096K, 0% used [0x00000000eb380000,0x00000000eb380000,0x00000000eb780000)
 ParOldGen       total 615936K, used 615892K [0x00000000c0000000, 0x00000000e5980000, 0x00000000eab00000)
  object space 615936K, 99% used [0x00000000c0000000,0x00000000e59753f8,0x00000000e5980000)
 Metaspace       used 87676K, committed 89536K, reserved 1179648K
  class space    used 8807K, committed 9600K, reserved 1048576K
}
Event: 142,220 GC heap after
{Heap after GC invocations=1817 (full 6):
 PSYoungGen      total 5632K, used 964K [0x00000000eab00000, 0x00000000eb480000, 0x0000000100000000)
  eden space 4608K, 0% used [0x00000000eab00000,0x00000000eab00000,0x00000000eaf80000)
  from space 1024K, 94% used [0x00000000eb380000,0x00000000eb471160,0x00000000eb480000)
  to   space 2048K, 0% used [0x00000000eb080000,0x00000000eb080000,0x00000000eb280000)
 ParOldGen       total 617472K, used 617425K [0x00000000c0000000, 0x00000000e5b00000, 0x00000000eab00000)
  object space 617472K, 99% used [0x00000000c0000000,0x00000000e5af44b0,0x00000000e5b00000)
 Metaspace       used 87676K, committed 89536K, reserved 1179648K
  class space    used 8807K, committed 9600K, reserved 1048576K
}
Event: 142,223 GC heap before
{Heap before GC invocations=1818 (full 6):
 PSYoungGen      total 5632K, used 5572K [0x00000000eab00000, 0x00000000eb480000, 0x0000000100000000)
  eden space 4608K, 100% used [0x00000000eab00000,0x00000000eaf80000,0x00000000eaf80000)
  from space 1024K, 94% used [0x00000000eb380000,0x00000000eb471160,0x00000000eb480000)
  to   space 2048K, 0% used [0x00000000eb080000,0x00000000eb080000,0x00000000eb280000)
 ParOldGen       total 617472K, used 617425K [0x00000000c0000000, 0x00000000e5b00000, 0x00000000eab00000)
  object space 617472K, 99% used [0x00000000c0000000,0x00000000e5af44b0,0x00000000e5b00000)
 Metaspace       used 87678K, committed 89536K, reserved 1179648K
  class space    used 8807K, committed 9600K, reserved 1048576K
}
Event: 142,225 GC heap after
{Heap after GC invocations=1818 (full 6):
 PSYoungGen      total 7680K, used 640K [0x00000000eab00000, 0x00000000eb400000, 0x0000000100000000)
  eden space 5632K, 0% used [0x00000000eab00000,0x00000000eab00000,0x00000000eb080000)
  from space 2048K, 31% used [0x00000000eb080000,0x00000000eb120000,0x00000000eb280000)
  to   space 1024K, 0% used [0x00000000eb300000,0x00000000eb300000,0x00000000eb400000)
 ParOldGen       total 618496K, used 618202K [0x00000000c0000000, 0x00000000e5c00000, 0x00000000eab00000)
  object space 618496K, 99% used [0x00000000c0000000,0x00000000e5bb6960,0x00000000e5c00000)
 Metaspace       used 87678K, committed 89536K, reserved 1179648K
  class space    used 8807K, committed 9600K, reserved 1048576K
}
Event: 142,247 GC heap before
{Heap before GC invocations=1819 (full 6):
 PSYoungGen      total 7680K, used 6272K [0x00000000eab00000, 0x00000000eb400000, 0x0000000100000000)
  eden space 5632K, 100% used [0x00000000eab00000,0x00000000eb080000,0x00000000eb080000)
  from space 2048K, 31% used [0x00000000eb080000,0x00000000eb120000,0x00000000eb280000)
  to   space 1024K, 0% used [0x00000000eb300000,0x00000000eb300000,0x00000000eb400000)
 ParOldGen       total 650240K, used 648922K [0x00000000c0000000, 0x00000000e7b00000, 0x00000000eab00000)
  object space 650240K, 99% used [0x00000000c0000000,0x00000000e79b6990,0x00000000e7b00000)
 Metaspace       used 87692K, committed 89536K, reserved 1179648K
  class space    used 8807K, committed 9600K, reserved 1048576K
}
Event: 142,250 GC heap after
{Heap after GC invocations=1819 (full 6):
 PSYoungGen      total 7168K, used 1024K [0x00000000eab00000, 0x00000000eb600000, 0x0000000100000000)
  eden space 6144K, 0% used [0x00000000eab00000,0x00000000eab00000,0x00000000eb100000)
  from space 1024K, 100% used [0x00000000eb300000,0x00000000eb400000,0x00000000eb400000)
  to   space 2048K, 0% used [0x00000000eb100000,0x00000000eb100000,0x00000000eb300000)
 ParOldGen       total 650240K, used 649370K [0x00000000c0000000, 0x00000000e7b00000, 0x00000000eab00000)
  object space 650240K, 99% used [0x00000000c0000000,0x00000000e7a26990,0x00000000e7b00000)
 Metaspace       used 87692K, committed 89536K, reserved 1179648K
  class space    used 8807K, committed 9600K, reserved 1048576K
}
Event: 142,716 GC heap before
{Heap before GC invocations=1820 (full 6):
 PSYoungGen      total 7168K, used 7167K [0x00000000eab00000, 0x00000000eb600000, 0x0000000100000000)
  eden space 6144K, 99% used [0x00000000eab00000,0x00000000eb0fffe0,0x00000000eb100000)
  from space 1024K, 100% used [0x00000000eb300000,0x00000000eb400000,0x00000000eb400000)
  to   space 2048K, 0% used [0x00000000eb100000,0x00000000eb100000,0x00000000eb300000)
 ParOldGen       total 650240K, used 649370K [0x00000000c0000000, 0x00000000e7b00000, 0x00000000eab00000)
  object space 650240K, 99% used [0x00000000c0000000,0x00000000e7a26990,0x00000000e7b00000)
 Metaspace       used 87719K, committed 89536K, reserved 1179648K
  class space    used 8807K, committed 9600K, reserved 1048576K
}

